# JRE version: OpenJDK Runtime Environment (14.0.2+12) (build 14.0.2+12-46)
# Java VM: OpenJDK 64-Bit Server VM (14.0.2+12-46, mixed mode, tiered, compressed oops, g1 gc, windows-amd64)
Heap:
 garbage-first heap   total 88064K, used 67724K [0x0000000080000000, 0x0000000100000000)
  region size 1024K, 39 young (39936K), 3 survivors (3072K)
 Metaspace       used 60705K, capacity 62578K, committed 62672K, reserved 1103872K
  class space    used 8092K, capacity 8821K, committed 8832K, reserved 1048576K
GC Heap History (20 events):
Event: 9.608 GC heap before
{Heap before GC invocations=21 (full 0):
 garbage-first heap   total 72704K, used 59816K [0x0000000080000000, 0x0000000100000000)
  region size 1024K, 39 young (39936K), 2 survivors (2048K)
 Metaspace       used 46713K, capacity 48009K, committed 48176K, reserved 1091584K
  class space    used 6030K, capacity 6524K, committed 6528K, reserved 1048576K
}
Event: 9.615 GC heap after
{Heap after GC invocations=22 (full 0):
 garbage-first heap   total 72704K, used 24674K [0x0000000080000000, 0x0000000100000000)
  region size 1024K, 5 young (5120K), 5 survivors (5120K)
 Metaspace       used 46713K, capacity 48009K, committed 48176K, reserved 1091584K
  class space    used 6030K, capacity 6524K, committed 6528K, reserved 1048576K
}
Event: 10.142 GC heap before
{Heap before GC invocations=22 (full 0):
 garbage-first heap   total 72704K, used 58466K [0x0000000080000000, 0x0000000100000000)
  region size 1024K, 38 young (38912K), 5 survivors (5120K)
 Metaspace       used 49948K, capacity 51350K, committed 51504K, reserved 1093632K
  class space    used 6444K, capacity 6997K, committed 7040K, reserved 1048576K
}
Event: 10.152 GC heap after
{Heap after GC invocations=23 (full 0):
 garbage-first heap   total 72704K, used 25367K [0x0000000080000000, 0x0000000100000000)
  region size 1024K, 1 young (1024K), 1 survivors (1024K)
 Metaspace       used 49948K, capacity 51350K, committed 51504K, reserved 1093632K
  class space    used 6444K, capacity 6997K, committed 7040K, reserved 1048576K
}
Event: 10.879 GC heap before
{Heap before GC invocations=23 (full 0):
 garbage-first heap   total 72704K, used 59159K [0x0000000080000000, 0x0000000100000000)
  region size 1024K, 34 young (34816K), 1 survivors (1024K)
 Metaspace       used 53240K, capacity 54634K, committed 54960K, reserved 1097728K
  class space    used 7015K, capacity 7559K, committed 7680K, reserved 1048576K
}
Event: 10.885 GC heap after
{Heap after GC invocations=24 (full 0):
 garbage-first heap   total 88064K, used 25805K [0x0000000080000000, 0x0000000100000000)
  region size 1024K, 2 young (2048K), 2 survivors (2048K)
 Metaspace       used 53240K, capacity 54634K, committed 54960K, reserved 1097728K
  class space    used 7015K, capacity 7559K, committed 7680K, reserved 1048576K
}
Event: 11.970 GC heap before
{Heap before GC invocations=24 (full 0):
 garbage-first heap   total 88064K, used 71885K [0x0000000080000000, 0x0000000100000000)
  region size 1024K, 47 young (48128K), 2 survivors (2048K)
 Metaspace       used 56833K, capacity 58422K, committed 58544K, reserved 1099776K
  class space    used 7513K, capacity 8123K, committed 8192K, reserved 1048576K
}
Event: 11.980 GC heap after
{Heap after GC invocations=25 (full 0):
 garbage-first heap   total 88064K, used 28360K [0x0000000080000000, 0x0000000100000000)
  region size 1024K, 4 young (4096K), 4 survivors (4096K)
 Metaspace       used 56833K, capacity 58422K, committed 58544K, reserved 1099776K
  class space    used 7513K, capacity 8123K, committed 8192K, reserved 1048576K
}
Event: 12.409 GC heap before
{Heap before GC invocations=25 (full 0):
 garbage-first heap   total 88064K, used 49864K [0x0000000080000000, 0x0000000100000000)
  region size 1024K, 26 young (26624K), 4 survivors (4096K)
 Metaspace       used 58409K, capacity 60133K, committed 60240K, reserved 1101824K
  class space    used 7747K, capacity 8394K, committed 8448K, reserved 1048576K
}
Event: 12.423 GC heap after
{Heap after GC invocations=26 (full 0):
 garbage-first heap   total 88064K, used 29520K [0x0000000080000000, 0x0000000100000000)
  region size 1024K, 4 young (4096K), 4 survivors (4096K)
 Metaspace       used 58409K, capacity 60133K, committed 60240K, reserved 1101824K
  class space    used 7747K, capacity 8394K, committed 8448K, reserved 1048576K
}
Event: 226.722 GC heap before
{Heap before GC invocations=27 (full 0):
 garbage-first heap   total 88064K, used 72528K [0x0000000080000000, 0x0000000100000000)
  region size 1024K, 46 young (47104K), 4 survivors (4096K)
 Metaspace       used 60536K, capacity 62408K, committed 62672K, reserved 1103872K
  class space    used 8062K, capacity 8764K, committed 8832K, reserved 1048576K
}
Event: 226.735 GC heap after
{Heap after GC invocations=28 (full 0):
 garbage-first heap   total 88064K, used 31173K [0x0000000080000000, 0x0000000100000000)
  region size 1024K, 3 young (3072K), 3 survivors (3072K)
 Metaspace       used 60536K, capacity 62408K, committed 62672K, reserved 1103872K
  class space    used 8062K, capacity 8764K, committed 8832K, reserved 1048576K
}
Event: 1082.473 GC heap before
{Heap before GC invocations=28 (full 0):
 garbage-first heap   total 88064K, used 73157K [0x0000000080000000, 0x0000000100000000)
  region size 1024K, 44 young (45056K), 3 survivors (3072K)
 Metaspace       used 60538K, capacity 62411K, committed 62672K, reserved 1103872K
  class space    used 8063K, capacity 8765K, committed 8832K, reserved 1048576K
}
Event: 1082.492 GC heap after
{Heap after GC invocations=29 (full 0):
 garbage-first heap   total 88064K, used 31319K [0x0000000080000000, 0x0000000100000000)
  region size 1024K, 4 young (4096K), 4 survivors (4096K)
 Metaspace       used 60538K, capacity 62411K, committed 62672K, reserved 1103872K
  class space    used 8063K, capacity 8765K, committed 8832K, reserved 1048576K
}
Event: 1922.745 GC heap before
{Heap before GC invocations=29 (full 0):
 garbage-first heap   total 88064K, used 72279K [0x0000000080000000, 0x0000000100000000)
  region size 1024K, 45 young (46080K), 4 survivors (4096K)
 Metaspace       used 60584K, capacity 62496K, committed 62672K, reserved 1103872K
  class space    used 8068K, capacity 8771K, committed 8832K, reserved 1048576K
}
Event: 1922.832 GC heap after
{Heap after GC invocations=30 (full 0):
 garbage-first heap   total 88064K, used 31903K [0x0000000080000000, 0x0000000100000000)
  region size 1024K, 4 young (4096K), 4 survivors (4096K)
 Metaspace       used 60584K, capacity 62496K, committed 62672K, reserved 1103872K
  class space    used 8068K, capacity 8771K, committed 8832K, reserved 1048576K
}
Event: 2773.052 GC heap before
{Heap before GC invocations=30 (full 0):
 garbage-first heap   total 88064K, used 73887K [0x0000000080000000, 0x0000000100000000)
  region size 1024K, 45 young (46080K), 4 survivors (4096K)
 Metaspace       used 60584K, capacity 62496K, committed 62672K, reserved 1103872K
  class space    used 8068K, capacity 8771K, committed 8832K, reserved 1048576K
}
Event: 2773.146 GC heap after
{Heap after GC invocations=31 (full 0):
 garbage-first heap   total 88064K, used 31789K [0x0000000080000000, 0x0000000100000000)
  region size 1024K, 3 young (3072K), 3 survivors (3072K)
 Metaspace       used 60584K, capacity 62496K, committed 62672K, reserved 1103872K
  class space    used 8068K, capacity 8771K, committed 8832K, reserved 1048576K
}
Event: 3614.026 GC heap before
{Heap before GC invocations=31 (full 0):
 garbage-first heap   total 88064K, used 74797K [0x0000000080000000, 0x0000000100000000)
  region size 1024K, 45 young (46080K), 3 survivors (3072K)
 Metaspace       used 60584K, capacity 62496K, committed 62672K, reserved 1103872K
  class space    used 8068K, capacity 8771K, committed 8832K, reserved 1048576K
}
Event: 3614.106 GC heap after
{Heap after GC invocations=32 (full 0):
 garbage-first heap   total 88064K, used 31884K [0x0000000080000000, 0x0000000100000000)
  region size 1024K, 3 young (3072K), 3 survivors (3072K)
 Metaspace       used 60584K, capacity 62496K, committed 62672K, reserved 1103872K
  class space    used 8068K, capacity 8771K, committed 8832K, reserved 1048576K
}

