# JRE version: OpenJDK Runtime Environment (14.0.2+12) (build 14.0.2+12-46)
# Java VM: OpenJDK 64-Bit Server VM (14.0.2+12-46, mixed mode, tiered, compressed oops, g1 gc, windows-amd64)
Heap:
 garbage-first heap   total 106496K, used 36452K [0x0000000080000000, 0x0000000100000000)
  region size 1024K, 3 young (3072K), 3 survivors (3072K)
 Metaspace       used 67441K, capacity 69290K, committed 69328K, reserved 1118208K
  class space    used 8858K, capacity 9585K, committed 9600K, reserved 1048576K
GC Heap History (20 events):
Event: 7.244 GC heap before
{Heap before GC invocations=18 (full 0):
 garbage-first heap   total 72704K, used 57804K [0x0000000080000000, 0x0000000100000000)
  region size 1024K, 37 young (37888K), 1 survivors (1024K)
 Metaspace       used 37845K, capacity 39067K, committed 39344K, reserved 1083392K
  class space    used 4790K, capacity 5250K, committed 5376K, reserved 1048576K
}
Event: 7.247 GC heap after
{Heap after GC invocations=19 (full 0):
 garbage-first heap   total 72704K, used 21033K [0x0000000080000000, 0x0000000100000000)
  region size 1024K, 1 young (1024K), 1 survivors (1024K)
 Metaspace       used 37845K, capacity 39067K, committed 39344K, reserved 1083392K
  class space    used 4790K, capacity 5250K, committed 5376K, reserved 1048576K
}
Event: 7.855 GC heap before
{Heap before GC invocations=19 (full 0):
 garbage-first heap   total 72704K, used 58921K [0x0000000080000000, 0x0000000100000000)
  region size 1024K, 38 young (38912K), 1 survivors (1024K)
 Metaspace       used 39875K, capacity 41186K, committed 41392K, reserved 1085440K
  class space    used 5038K, capacity 5552K, committed 5632K, reserved 1048576K
}
Event: 7.861 GC heap after
{Heap after GC invocations=20 (full 0):
 garbage-first heap   total 72704K, used 21665K [0x0000000080000000, 0x0000000100000000)
  region size 1024K, 2 young (2048K), 2 survivors (2048K)
 Metaspace       used 39875K, capacity 41186K, committed 41392K, reserved 1085440K
  class space    used 5038K, capacity 5552K, committed 5632K, reserved 1048576K
}
Event: 8.580 GC heap before
{Heap before GC invocations=20 (full 0):
 garbage-first heap   total 72704K, used 59553K [0x0000000080000000, 0x0000000100000000)
  region size 1024K, 39 young (39936K), 2 survivors (2048K)
 Metaspace       used 43494K, capacity 44835K, committed 45104K, reserved 1087488K
  class space    used 5662K, capacity 6192K, committed 6272K, reserved 1048576K
}
Event: 8.586 GC heap after
{Heap after GC invocations=21 (full 0):
 garbage-first heap   total 72704K, used 22681K [0x0000000080000000, 0x0000000100000000)
  region size 1024K, 3 young (3072K), 3 survivors (3072K)
 Metaspace       used 43494K, capacity 44835K, committed 45104K, reserved 1087488K
  class space    used 5662K, capacity 6192K, committed 6272K, reserved 1048576K
}
Event: 9.206 GC heap before
{Heap before GC invocations=21 (full 0):
 garbage-first heap   total 72704K, used 58521K [0x0000000080000000, 0x0000000100000000)
  region size 1024K, 39 young (39936K), 3 survivors (3072K)
 Metaspace       used 47374K, capacity 48687K, committed 48816K, reserved 1091584K
  class space    used 6125K, capacity 6622K, committed 6656K, reserved 1048576K
}
Event: 9.216 GC heap after
{Heap after GC invocations=22 (full 0):
 garbage-first heap   total 88064K, used 24760K [0x0000000080000000, 0x0000000100000000)
  region size 1024K, 5 young (5120K), 5 survivors (5120K)
 Metaspace       used 47374K, capacity 48687K, committed 48816K, reserved 1091584K
  class space    used 6125K, capacity 6622K, committed 6656K, reserved 1048576K
}
Event: 10.035 GC heap before
{Heap before GC invocations=22 (full 0):
 garbage-first heap   total 88064K, used 71864K [0x0000000080000000, 0x0000000100000000)
  region size 1024K, 51 young (52224K), 5 survivors (5120K)
 Metaspace       used 52221K, capacity 53634K, committed 53680K, reserved 1095680K
  class space    used 6867K, capacity 7396K, committed 7424K, reserved 1048576K
}
Event: 10.045 GC heap after
{Heap after GC invocations=23 (full 0):
 garbage-first heap   total 88064K, used 25987K [0x0000000080000000, 0x0000000100000000)
  region size 1024K, 5 young (5120K), 5 survivors (5120K)
 Metaspace       used 52221K, capacity 53634K, committed 53680K, reserved 1095680K
  class space    used 6867K, capacity 7396K, committed 7424K, reserved 1048576K
}
Event: 11.242 GC heap before
{Heap before GC invocations=23 (full 0):
 garbage-first heap   total 88064K, used 72067K [0x0000000080000000, 0x0000000100000000)
  region size 1024K, 50 young (51200K), 5 survivors (5120K)
 Metaspace       used 55770K, capacity 57196K, committed 57264K, reserved 1099776K
  class space    used 7351K, capacity 7904K, committed 7936K, reserved 1048576K
}
Event: 11.260 GC heap after
{Heap after GC invocations=24 (full 0):
 garbage-first heap   total 88064K, used 28525K [0x0000000080000000, 0x0000000100000000)
  region size 1024K, 6 young (6144K), 6 survivors (6144K)
 Metaspace       used 55770K, capacity 57196K, committed 57264K, reserved 1099776K
  class space    used 7351K, capacity 7904K, committed 7936K, reserved 1048576K
}
Event: 11.992 GC heap before
{Heap before GC invocations=24 (full 0):
 garbage-first heap   total 88064K, used 62317K [0x0000000080000000, 0x0000000100000000)
  region size 1024K, 40 young (40960K), 6 survivors (6144K)
 Metaspace       used 58409K, capacity 60139K, committed 60240K, reserved 1101824K
  class space    used 7741K, capacity 8396K, committed 8448K, reserved 1048576K
}
Event: 12.005 GC heap after
{Heap after GC invocations=25 (full 0):
 garbage-first heap   total 88064K, used 29922K [0x0000000080000000, 0x0000000100000000)
  region size 1024K, 4 young (4096K), 4 survivors (4096K)
 Metaspace       used 58409K, capacity 60139K, committed 60240K, reserved 1101824K
  class space    used 7741K, capacity 8396K, committed 8448K, reserved 1048576K
}
Event: 152.659 GC heap before
{Heap before GC invocations=26 (full 0):
 garbage-first heap   total 88064K, used 71906K [0x0000000080000000, 0x0000000100000000)
  region size 1024K, 45 young (46080K), 4 survivors (4096K)
 Metaspace       used 61039K, capacity 62894K, committed 62928K, reserved 1103872K
  class space    used 8112K, capacity 8798K, committed 8832K, reserved 1048576K
}
Event: 152.812 GC heap after
{Heap after GC invocations=27 (full 0):
 garbage-first heap   total 106496K, used 31626K [0x0000000080000000, 0x0000000100000000)
  region size 1024K, 4 young (4096K), 4 survivors (4096K)
 Metaspace       used 61039K, capacity 62894K, committed 62928K, reserved 1103872K
  class space    used 8112K, capacity 8798K, committed 8832K, reserved 1048576K
}
Event: 317.463 GC heap before
{Heap before GC invocations=27 (full 0):
 garbage-first heap   total 106496K, used 91018K [0x0000000080000000, 0x0000000100000000)
  region size 1024K, 58 young (59392K), 4 survivors (4096K)
 Metaspace       used 66484K, capacity 68423K, committed 68688K, reserved 1107968K
  class space    used 8692K, capacity 9424K, committed 9472K, reserved 1048576K
}
Event: 317.485 GC heap after
{Heap after GC invocations=28 (full 0):
 garbage-first heap   total 106496K, used 38386K [0x0000000080000000, 0x0000000100000000)
  region size 1024K, 7 young (7168K), 7 survivors (7168K)
 Metaspace       used 66484K, capacity 68423K, committed 68688K, reserved 1107968K
  class space    used 8692K, capacity 9424K, committed 9472K, reserved 1048576K
}
Event: 317.891 GC heap before
{Heap before GC invocations=28 (full 0):
 garbage-first heap   total 106496K, used 56818K [0x0000000080000000, 0x0000000100000000)
  region size 1024K, 24 young (24576K), 7 survivors (7168K)
 Metaspace       used 67441K, capacity 69290K, committed 69328K, reserved 1116160K
  class space    used 8858K, capacity 9585K, committed 9600K, reserved 1048576K
}
Event: 317.933 GC heap after
{Heap after GC invocations=29 (full 0):
 garbage-first heap   total 106496K, used 36452K [0x0000000080000000, 0x0000000100000000)
  region size 1024K, 3 young (3072K), 3 survivors (3072K)
 Metaspace       used 67441K, capacity 69290K, committed 69328K, reserved 1116160K
  class space    used 8858K, capacity 9585K, committed 9600K, reserved 1048576K
}

