# JRE version: OpenJDK Runtime Environment (14.0.2+12) (build 14.0.2+12-46)
# Java VM: OpenJDK 64-Bit Server VM (14.0.2+12-46, mixed mode, tiered, compressed oops, g1 gc, windows-amd64)
Heap:
 garbage-first heap   total 80896K, used 50453K [0x0000000080000000, 0x0000000100000000)
  region size 1024K, 20 young (20480K), 1 survivors (1024K)
 Metaspace       used 59711K, capacity 61668K, committed 61872K, reserved 1103872K
  class space    used 7675K, capacity 8378K, committed 8448K, reserved 1048576K
GC Heap History (20 events):
Event: 4569.537 GC heap before
{Heap before GC invocations=53 (full 3):
 garbage-first heap   total 80896K, used 67288K [0x0000000080000000, 0x0000000100000000)
  region size 1024K, 40 young (40960K), 0 survivors (0K)
 Metaspace       used 59619K, capacity 61537K, committed 61872K, reserved 1103872K
  class space    used 7654K, capacity 8335K, committed 8448K, reserved 1048576K
}
Event: 4569.560 GC heap after
{Heap after GC invocations=54 (full 3):
 garbage-first heap   total 80896K, used 28008K [0x0000000080000000, 0x0000000100000000)
  region size 1024K, 2 young (2048K), 2 survivors (2048K)
 Metaspace       used 59619K, capacity 61537K, committed 61872K, reserved 1103872K
  class space    used 7654K, capacity 8335K, committed 8448K, reserved 1048576K
}
Event: 4570.288 GC heap before
{Heap before GC invocations=54 (full 3):
 garbage-first heap   total 80896K, used 65896K [0x0000000080000000, 0x0000000100000000)
  region size 1024K, 40 young (40960K), 2 survivors (2048K)
 Metaspace       used 59650K, capacity 61575K, committed 61872K, reserved 1103872K
  class space    used 7659K, capacity 8368K, committed 8448K, reserved 1048576K
}
Event: 4570.309 GC heap after
{Heap after GC invocations=55 (full 3):
 garbage-first heap   total 80896K, used 29102K [0x0000000080000000, 0x0000000100000000)
  region size 1024K, 3 young (3072K), 3 survivors (3072K)
 Metaspace       used 59650K, capacity 61575K, committed 61872K, reserved 1103872K
  class space    used 7659K, capacity 8368K, committed 8448K, reserved 1048576K
}
Event: 4571.161 GC heap before
{Heap before GC invocations=55 (full 3):
 garbage-first heap   total 80896K, used 66990K [0x0000000080000000, 0x0000000100000000)
  region size 1024K, 40 young (40960K), 3 survivors (3072K)
 Metaspace       used 59704K, capacity 61639K, committed 61872K, reserved 1103872K
  class space    used 7665K, capacity 8368K, committed 8448K, reserved 1048576K
}
Event: 4571.183 GC heap after
{Heap after GC invocations=56 (full 3):
 garbage-first heap   total 80896K, used 29986K [0x0000000080000000, 0x0000000100000000)
  region size 1024K, 3 young (3072K), 3 survivors (3072K)
 Metaspace       used 59704K, capacity 61639K, committed 61872K, reserved 1103872K
  class space    used 7665K, capacity 8368K, committed 8448K, reserved 1048576K
}
Event: 4749.248 GC heap before
{Heap before GC invocations=56 (full 3):
 garbage-first heap   total 80896K, used 65826K [0x0000000080000000, 0x0000000100000000)
  region size 1024K, 38 young (38912K), 3 survivors (3072K)
 Metaspace       used 59790K, capacity 61775K, committed 61872K, reserved 1103872K
  class space    used 7676K, capacity 8382K, committed 8448K, reserved 1048576K
}
Event: 4749.262 GC heap after
{Heap after GC invocations=57 (full 3):
 garbage-first heap   total 80896K, used 31885K [0x0000000080000000, 0x0000000100000000)
  region size 1024K, 4 young (4096K), 4 survivors (4096K)
 Metaspace       used 59790K, capacity 61775K, committed 61872K, reserved 1103872K
  class space    used 7676K, capacity 8382K, committed 8448K, reserved 1048576K
}
Event: 4861.353 GC heap before
{Heap before GC invocations=57 (full 3):
 garbage-first heap   total 80896K, used 38029K [0x0000000080000000, 0x0000000100000000)
  region size 1024K, 11 young (11264K), 4 survivors (4096K)
 Metaspace       used 59793K, capacity 61781K, committed 61872K, reserved 1103872K
  class space    used 7677K, capacity 8384K, committed 8448K, reserved 1048576K
}
Event: 4862.030 GC heap after
{Heap after GC invocations=58 (full 4):
 garbage-first heap   total 80896K, used 25950K [0x0000000080000000, 0x0000000100000000)
  region size 1024K, 0 young (0K), 0 survivors (0K)
 Metaspace       used 59452K, capacity 61279K, committed 61872K, reserved 1103872K
  class space    used 7635K, capacity 8302K, committed 8448K, reserved 1048576K
}
Event: 4864.231 GC heap before
{Heap before GC invocations=58 (full 4):
 garbage-first heap   total 80896K, used 64862K [0x0000000080000000, 0x0000000100000000)
  region size 1024K, 39 young (39936K), 0 survivors (0K)
 Metaspace       used 59510K, capacity 61382K, committed 61872K, reserved 1103872K
  class space    used 7644K, capacity 8315K, committed 8448K, reserved 1048576K
}
Event: 4864.239 GC heap after
{Heap after GC invocations=59 (full 4):
 garbage-first heap   total 80896K, used 27998K [0x0000000080000000, 0x0000000100000000)
  region size 1024K, 2 young (2048K), 2 survivors (2048K)
 Metaspace       used 59510K, capacity 61382K, committed 61872K, reserved 1103872K
  class space    used 7644K, capacity 8315K, committed 8448K, reserved 1048576K
}
Event: 4864.808 GC heap before
{Heap before GC invocations=59 (full 4):
 garbage-first heap   total 80896K, used 64862K [0x0000000080000000, 0x0000000100000000)
  region size 1024K, 39 young (39936K), 2 survivors (2048K)
 Metaspace       used 59540K, capacity 61420K, committed 61872K, reserved 1103872K
  class space    used 7650K, capacity 8349K, committed 8448K, reserved 1048576K
}
Event: 4864.820 GC heap after
{Heap after GC invocations=60 (full 4):
 garbage-first heap   total 80896K, used 28817K [0x0000000080000000, 0x0000000100000000)
  region size 1024K, 3 young (3072K), 3 survivors (3072K)
 Metaspace       used 59540K, capacity 61420K, committed 61872K, reserved 1103872K
  class space    used 7650K, capacity 8349K, committed 8448K, reserved 1048576K
}
Event: 4865.752 GC heap before
{Heap before GC invocations=60 (full 4):
 garbage-first heap   total 80896K, used 66705K [0x0000000080000000, 0x0000000100000000)
  region size 1024K, 40 young (40960K), 3 survivors (3072K)
 Metaspace       used 59540K, capacity 61420K, committed 61872K, reserved 1103872K
  class space    used 7650K, capacity 8349K, committed 8448K, reserved 1048576K
}
Event: 4865.816 GC heap after
{Heap after GC invocations=61 (full 4):
 garbage-first heap   total 80896K, used 29085K [0x0000000080000000, 0x0000000100000000)
  region size 1024K, 2 young (2048K), 2 survivors (2048K)
 Metaspace       used 59540K, capacity 61420K, committed 61872K, reserved 1103872K
  class space    used 7650K, capacity 8349K, committed 8448K, reserved 1048576K
}
Event: 5029.438 GC heap before
{Heap before GC invocations=61 (full 4):
 garbage-first heap   total 80896K, used 65949K [0x0000000080000000, 0x0000000100000000)
  region size 1024K, 38 young (38912K), 2 survivors (2048K)
 Metaspace       used 59708K, capacity 61662K, committed 61872K, reserved 1103872K
  class space    used 7674K, capacity 8376K, committed 8448K, reserved 1048576K
}
Event: 5029.644 GC heap after
{Heap after GC invocations=62 (full 4):
 garbage-first heap   total 80896K, used 31473K [0x0000000080000000, 0x0000000100000000)
  region size 1024K, 4 young (4096K), 4 survivors (4096K)
 Metaspace       used 59708K, capacity 61662K, committed 61872K, reserved 1103872K
  class space    used 7674K, capacity 8376K, committed 8448K, reserved 1048576K
}
Event: 5770.991 GC heap before
{Heap before GC invocations=62 (full 4):
 garbage-first heap   total 80896K, used 65265K [0x0000000080000000, 0x0000000100000000)
  region size 1024K, 38 young (38912K), 4 survivors (4096K)
 Metaspace       used 59708K, capacity 61662K, committed 61872K, reserved 1103872K
  class space    used 7674K, capacity 8376K, committed 8448K, reserved 1048576K
}
Event: 5771.118 GC heap after
{Heap after GC invocations=63 (full 4):
 garbage-first heap   total 80896K, used 32021K [0x0000000080000000, 0x0000000100000000)
  region size 1024K, 1 young (1024K), 1 survivors (1024K)
 Metaspace       used 59708K, capacity 61662K, committed 61872K, reserved 1103872K
  class space    used 7674K, capacity 8376K, committed 8448K, reserved 1048576K
}

